<?xml version="1.0" encoding="UTF-8"?>
<!-- Generated by org.testng.reporters.JUnitXMLReporter -->
<testsuite ignored="0" hostname="Chinmayi" failures="0" tests="3" name="RegressionTest" time="37.472" errors="0" timestamp="2022-11-09T15:37:47 IST">
  <testcase classname="testcase.Register_TC" name="register" time="4.459"/>
  <testcase classname="testcase.Login_TC" name="login" time="2.128"/>
  <testcase classname="testcase.Search_TC" name="search" time="1.338"/>
</testsuite> <!-- RegressionTest -->
