<?xml version="1.0" encoding="UTF-8"?>
<!-- Generated by org.testng.reporters.JUnitXMLReporter -->
<testsuite ignored="0" hostname="Chinmayi" failures="0" tests="15" name="Test" time="255.646" errors="0" timestamp="2022-11-22T11:58:56 IST">
  <testcase classname="DM_TestCase.DW_vote_TC" name="To_Vote" time="0.504"/>
  <testcase classname="DM_TestCase.Register_TC01" name="To_Register" time="4.037"/>
  <testcase classname="DM_TestCase.DWS_go_viewAllPage" name="viewAll" time="1.226"/>
  <testcase classname="DM_TestCase.Computer_TC07" name="Books" time="15.145"/>
  <testcase classname="DM_TestCase.Electronics_TC08" name="Books" time="12.104"/>
  <testcase classname="DM_TestCase.Login_TC02" name="To_login" time="5.357"/>
  <testcase classname="DM_TestCase.Search_TC03" name="To_Search" time="2.035"/>
  <testcase classname="DM_TestCase.DWS_TwiterLogin" name="twitterLogin" time="23.147"/>
  <testcase classname="DM_TestCase.DWS_goToPrivacyNotice" name="goToPrivacyNotice" time="1.734"/>
  <testcase classname="DM_TestCase.DWS_ContactUs" name="contactUs" time="2.528"/>
  <testcase classname="DM_TestCase.Jwelery_TC09" name="jewelry" time="13.056"/>
  <testcase classname="DM_TestCase.Books_TC05" name="Books" time="13.847"/>
  <testcase classname="DM_TestCase.DWS_Tricentis" name="tricentis" time="1.499"/>
  <testcase classname="DM_TestCase.DWS_AddProduct_To_Wishlist" name="add_Product_To_Wishlist" time="0.698"/>
  <testcase classname="DM_TestCase.AdvancedSearch_TC04" name="To_AdvancedSearch" time="13.438"/>
</testsuite> <!-- Test -->
